(974842, 368)
Index(['Unnamed: 0', 'ID', 'auth_3mth_post_acute_dia',
       'rx_gpi2_72_pmpm_cost_6to9m_b4', 'atlas_pct_laccess_child15',
       'atlas_recfacpth14', 'atlas_pct_fmrkt_frveg16',
       'atlas_pct_free_lunch14', 'bh_ip_snf_net_paid_pmpm_cost_9to12m_b4',
       'auth_3mth_acute_ckd',
       ...
       'auth_3mth_post_acute_end', 'auth_3mth_acute_mus',
       'atlas_perpov_1980_0711', 'atlas_pct_laccess_white15',
       'auth_3mth_post_acute_mean_los', 'rx_gpi2_66_pmpm_ct',
       'auth_3mth_acute_gus', 'rx_generic_dist_gpi6_pmpm_ct_t_9-6-3m_b4',
       'atlas_low_education_2015_update', 'race_cd'],
      dtype='object', length=368)
{dtype('int64'), dtype('float64')}
{dtype('int64'): [], dtype('float64'): [0.006445147008438291, 0.0050377394490594375, 0.09202927243594347, 0.06199568750628307, 0.20529275513365242, 0.012700519673957422, 0.004742306958460961, 0.0057978626279951, 0.004741281151201938, 0.20488653545907953, 0.004755642452828253, 0.0047576940673462985, 0.004741281151201938, 0.060438512087086935, 0.004739229536683894, 0.00565322380447293, 0.004741281151201938, 0.005613217321371053, 0.004753590838310208, 0.004741281151201938, 0.004778210212526748, 0.004747435994756073, 0.09224366615307916, 0.007555070462700622, 0.0047402553439429155, 0.005625527008479323, 0.004753590838310208, 0.005850178798205248, 0.004744358572979006, 0.004745384380238029, 0.0047515392237921636, 0.16209088241992037, 0.010588382527630119, 0.03591864117467241, 0.0062769146179586024, 0.007654573766825804, 0.004748461802015096, 0.09218314352479684, 0.004741281151201938, 0.2457752128037159, 0.005574236645528198, 0.004739229536683894, 0.004748461802015096, 0.004741281151201938, 0.004745384380238029, 0.005587572139895491, 0.004737177922165848, 0.12045336577619759, 0.011192583003194364, 0.05890185281307125, 0.20477061923881, 0.007440180049690104, 0.06048877664277903, 0.004745384380238029, 0.005548591464052636, 0.09218109191027879, 0.015209644229526425, 0.0047402553439429155, 0.035570892513863785, 0.0047402553439429155, 0.005553720500347748, 0.007567380149808892, 0.004748461802015096, 0.16215961150627486, 0.004744358572979006, 0.004739229536683894, 0.004739229536683894, 0.0608796092084666, 0.004747435994756073, 0.09216365318687542, 0.035558582826755517, 0.00474641018749705, 0.07981088217372662, 0.004750513416533141, 0.004749487609274118, 0.0047402553439429155, 0.25880604241507854, 0.09211954347473744, 0.00474641018749705, 0.004741281151201938, 0.09217288545220662, 0.004744358572979006, 0.06050313794440535, 0.004744358572979006, 0.0047402553439429155, 0.0047402553439429155, 0.00670057301593489, 0.00474641018749705, 0.2672422813132795, 0.07099406878242834, 0.005497301101101512, 0.2047808773114002, 0.004739229536683894, 0.00474641018749705, 0.005543462427757524, 0.0047402553439429155, 0.20476549020251486, 0.007452489736798374, 0.09217185964494759, 0.004748461802015096, 0.0072565605503250785, 0.20476446439525584, 0.09215647253606225, 0.005464475268812792]}
{dtype('int64'), dtype('float64'), dtype('O')}
{dtype('O'): [0.16181801768902038, 0.03717217764519789, 0.06047954437744783, 0.20471830306859984, 0.03723064865896217, 0.649258033609549, 0.16209806307073352, 0.060502112137146326, 0.7417776419153053, 0.20477267085332804, 0.32028574887007333], dtype('int64'): [], dtype('float64'): [0.3209750913481364, 0.2047224062976359, 0.011440828359877806, 0.2048362709033874, 0.0048438618771041875, 0.00584710137642818, 0.0047576940673462985, 0.2047613869734788, 3.590325406578707e-05, 0.2047839547331773, 0.004786416670598928, 0.004742306958460961, 0.004776158598008703, 0.004774106983490658, 0.03553704087431604, 0.004748461802015096, 0.004741281151201938, 0.004798726357707198, 0.2047347159847442, 0.20476446439525584, 0.01700480693281578, 0.204771645046069, 0.007959238522755482, 0.20475625793718366, 0.20475112890088856, 0.004762823103641411, 0.004761797296382388, 0.20477779988962314, 0.20476651600977389, 0.0047966747431891525, 0.004744358572979006, 0.004875661902133884, 0.01617185143848952]}
size of features before removing constant filters: 366
size of features after removing constant filters: 174
variances: [9.74841000e+05 3.84221680e+03 7.40218889e+00 2.33325329e-03
 1.00000000e+02 1.00000000e+02 1.05967274e-02 2.55000000e+02
 5.98772982e+01 1.48048446e+04 1.04511055e+02 6.72284985e-01
 6.62351816e+01 2.75001524e-02 8.43217073e-02 7.12964601e-03
 6.12550920e-02 1.65057203e+01 2.62466300e+04 1.59114253e+01
 2.61195095e+00 1.45292000e+03 4.78783921e+00 2.30245300e-01
 3.37378396e+00 1.67781840e+03 7.72505539e+00 2.51133608e+00
 5.34067124e+03 1.88672833e-03 1.21829000e+03 2.01958981e-01
 9.74802155e-02 1.00000000e+02 1.15728730e+03 8.15000000e+02
 2.12198565e+01 1.17598766e+01 3.84538350e-01 5.57755592e+00
 2.53081634e+00 7.72264633e+00 5.93980000e+04 3.17298307e-03
 4.48561465e+02 2.96024609e+00 1.43730095e+00 8.45000000e+02
 2.36460277e+01 3.67197441e-03 1.49614638e-01 5.40975000e+02
 3.47214379e+01 5.02160252e-02 8.13060000e+02 4.30919243e-01
 1.48495037e+00 2.23256320e+03 1.65108410e+03 8.27697741e+05
 3.60000000e+02 2.50540217e-03 2.76513648e-03 7.41140071e+01
 1.00000000e+02 1.14616943e-02 6.89900000e+06 4.79000000e+02
 9.99710735e+01 1.65259288e+00 2.19229419e+01 6.20675803e-04
 9.56736707e+04 5.06910906e+00 1.40178802e-01 7.44301916e+00
 1.45558331e+00 2.32434201e+01 2.73456929e-01 1.64865750e+03
 7.99443646e+01 4.77590376e+01 8.69074611e+00 1.00250000e+06
 8.73950217e+00 3.28153100e+06 1.53000000e+02 3.58436974e+01
 3.53444102e+02 2.78009000e+03 3.48839584e-02 8.65764508e+00
 3.23454525e+00 5.79091875e+00 1.47844225e+01 1.00000000e+02
 5.26596650e+00 1.69416012e+04 1.75395000e+03 1.16541175e+00
 3.95329260e+04 3.42919295e+00 6.61668096e-01 3.71825240e+03
 4.55787510e-03 5.48193881e-01 1.35036156e-02 1.68776000e+03
 6.85390913e+00 5.11304117e+00 4.77000000e+02 1.02476161e+02
 8.39000000e+02 4.61923000e+03 3.29201970e-02 6.51885700e+04
 6.37151380e+00 1.03539161e+03 4.78723016e+03 5.47149549e+01
 1.43989659e+00 3.49541691e-02 4.26027547e+02 4.87163250e-03
 1.00000000e+02 1.16742928e+00 5.88463242e-01 1.78414735e+00
 9.03655658e+01 1.39865439e-01 6.24187413e-03 3.21001415e-02
 9.78537486e-04 1.01511219e+00 3.06916083e-01 1.00000000e+02
 2.16050310e+03 7.07109375e+01 1.00000000e+02 9.46083623e-04
 1.58833565e-01 3.54561344e+00 4.20381986e-01 6.88471930e-02
 7.44762313e+03 1.09501816e-06 1.58114180e-02 9.49717465e-02
 8.29173469e+00 1.11202872e+01 1.12438574e+04 2.74000000e+02
 2.42685670e+02 7.34275551e-01 1.70000000e+02 1.34609000e+05
 2.84626066e-04 9.92250000e+04 2.93976188e-03 1.25642846e-02
 4.55928909e+02 9.99000000e+02 3.16132892e-02 4.17358320e+04
 6.59649967e+01 4.12400000e+03 1.00000000e+02 1.65424860e+01
 8.02000000e+02 2.59943385e+00 1.68961419e-02 1.00000000e+02
 7.49530862e+01 2.57151218e-02]
features in: 174
Combined space has 150 features
Fitting 4 folds for each of 2 candidates, totalling 8 fits
[CV] END features__pca__n_components=50, features__univ_select__k=100, tree__n_estimators=700; total time=58.3min
[CV] END features__pca__n_components=50, features__univ_select__k=100, tree__n_estimators=700; total time=59.6min
[CV] END features__pca__n_components=50, features__univ_select__k=100, tree__n_estimators=800; total time=68.2min
[CV] END features__pca__n_components=50, features__univ_select__k=100, tree__n_estimators=800; total time=66.6min
[CV] END features__pca__n_components=50, features__univ_select__k=100, tree__n_estimators=700; total time=59.0min
[CV] END features__pca__n_components=50, features__univ_select__k=100, tree__n_estimators=700; total time=59.3min
[CV] END features__pca__n_components=50, features__univ_select__k=100, tree__n_estimators=800; total time=68.6min
[CV] END features__pca__n_components=50, features__univ_select__k=100, tree__n_estimators=800; total time=67.4min
-------
Pipeline(steps=[('features',
                 FeatureUnion(n_jobs=4,
                              transformer_list=[('univ_select',
                                                 SelectKBest(k=100)),
                                                ('pca',
                                                 PCA(n_components=50,
                                                     random_state=2000728661))])),
                ('tree',
                 RandomForestClassifier(max_depth=15, n_estimators=700,
                                        n_jobs=1, random_state=2000728661))])
-------
{'features__pca__n_components': 50, 'features__univ_select__k': 100, 'tree__n_estimators': 700}
-------
{'mean_fit_time': array([3522.61140102, 4040.14012212]), 'std_fit_time': array([26.63837886, 46.05389942]), 'mean_score_time': array([19.66356844, 22.12106901]), 'std_score_time': array([0.62938914, 0.27442102]), 'param_features__pca__n_components': masked_array(data=[50, 50],
             mask=[False, False],
       fill_value='?',
            dtype=object), 'param_features__univ_select__k': masked_array(data=[100, 100],
             mask=[False, False],
       fill_value='?',
            dtype=object), 'param_tree__n_estimators': masked_array(data=[700, 800],
             mask=[False, False],
       fill_value='?',
            dtype=object), 'params': [{'features__pca__n_components': 50, 'features__univ_select__k': 100, 'tree__n_estimators': 700}, {'features__pca__n_components': 50, 'features__univ_select__k': 100, 'tree__n_estimators': 800}], 'split0_test_score': array([0.60567162, 0.60257215]), 'split1_test_score': array([0.65332731, 0.65336906]), 'split2_test_score': array([0.65580296, 0.65581344]), 'split3_test_score': array([0.65486862, 0.65485336]), 'mean_test_score': array([0.64241763, 0.641652  ]), 'std_test_score': array([0.02123373, 0.02257956]), 'rank_test_score': array([1, 2], dtype=int32)}
-------
0.6424176288868466
-------
FeatureUnion(n_jobs=4,
             transformer_list=[('univ_select', SelectKBest(k=100)),
                               ('pca',
                                PCA(n_components=50, random_state=2000728661))])
-------
